Determining if the C compiler works failed with the following output:
Change Dir: E:/UB Segon/2n Sem/Programació Arquitectures Enquestades/ProjectePae/cmake-build-debug/CMakeFiles/CMakeTmp

Run Build Command(s):D:/Program Files/mingw-w64/x86_64-8.1.0-win32-seh-rt_v6-rev0/mingw64/bin/mingw32-make.exe cmTC_254ce/fast && D:/Program Files/mingw-w64/x86_64-8.1.0-win32-seh-rt_v6-rev0/mingw64/bin/mingw32-make.exe -f CMakeFiles\cmTC_254ce.dir\build.make CMakeFiles/cmTC_254ce.dir/build
mingw32-make.exe[1]: Entering directory 'E:/UB Segon/2n Sem/Programaci¾ Arquitectures Enquestades/ProjectePae/cmake-build-debug/CMakeFiles/CMakeTmp'
Building C object CMakeFiles/cmTC_254ce.dir/testCCompiler.c.obj
"D:\Program Files\mingw-w64\x86_64-8.1.0-win32-seh-rt_v6-rev0\mingw64\bin\gcc.exe"    -o CMakeFiles\cmTC_254ce.dir\testCCompiler.c.obj   -c "E:\UB Segon\2n Sem\Programaci├│ Arquitectures Enquestades\ProjectePae\cmake-build-debug\CMakeFiles\CMakeTmp\testCCompiler.c"
gcc.exe: error: E:\UB Segon\2n Sem\Programaci├│ Arquitectures Enquestades\ProjectePae\cmake-build-debug\CMakeFiles\CMakeTmp\testCCompiler.c: No such file or directory
gcc.exe: fatal error: no input files
compilation terminated.
mingw32-make.exe[1]: *** [CMakeFiles\cmTC_254ce.dir\build.make:65: CMakeFiles/cmTC_254ce.dir/testCCompiler.c.obj] Error 1
mingw32-make.exe[1]: Leaving directory 'E:/UB Segon/2n Sem/Programaci¾ Arquitectures Enquestades/ProjectePae/cmake-build-debug/CMakeFiles/CMakeTmp'
mingw32-make.exe: *** [Makefile:120: cmTC_254ce/fast] Error 2



Determining if the C compiler works failed with the following output:
Change Dir: E:/UB Segon/2n Sem/Programació Arquitectures Enquestades/ProjectePae/cmake-build-debug/CMakeFiles/CMakeTmp

Run Build Command(s):D:/Program Files/mingw-w64/x86_64-8.1.0-win32-seh-rt_v6-rev0/mingw64/bin/mingw32-make.exe cmTC_e60f4/fast && D:/Program Files/mingw-w64/x86_64-8.1.0-win32-seh-rt_v6-rev0/mingw64/bin/mingw32-make.exe -f CMakeFiles\cmTC_e60f4.dir\build.make CMakeFiles/cmTC_e60f4.dir/build
mingw32-make.exe[1]: Entering directory 'E:/UB Segon/2n Sem/Programaci¾ Arquitectures Enquestades/ProjectePae/cmake-build-debug/CMakeFiles/CMakeTmp'
Building C object CMakeFiles/cmTC_e60f4.dir/testCCompiler.c.obj
"D:\Program Files\mingw-w64\x86_64-8.1.0-win32-seh-rt_v6-rev0\mingw64\bin\gcc.exe"    -o CMakeFiles\cmTC_e60f4.dir\testCCompiler.c.obj   -c "E:\UB Segon\2n Sem\Programaci├│ Arquitectures Enquestades\ProjectePae\cmake-build-debug\CMakeFiles\CMakeTmp\testCCompiler.c"
gcc.exe: error: E:\UB Segon\2n Sem\Programaci├│ Arquitectures Enquestades\ProjectePae\cmake-build-debug\CMakeFiles\CMakeTmp\testCCompiler.c: No such file or directory
gcc.exe: fatal error: no input files
compilation terminated.
mingw32-make.exe[1]: *** [CMakeFiles\cmTC_e60f4.dir\build.make:65: CMakeFiles/cmTC_e60f4.dir/testCCompiler.c.obj] Error 1
mingw32-make.exe[1]: Leaving directory 'E:/UB Segon/2n Sem/Programaci¾ Arquitectures Enquestades/ProjectePae/cmake-build-debug/CMakeFiles/CMakeTmp'
mingw32-make.exe: *** [Makefile:120: cmTC_e60f4/fast] Error 2



Determining if the C compiler works failed with the following output:
Change Dir: E:/UB Segon/2n Sem/Programació Arquitectures Enquestades/ProjectePae/cmake-build-debug/CMakeFiles/CMakeTmp

Run Build Command(s):D:/Program Files/mingw-w64/x86_64-8.1.0-win32-seh-rt_v6-rev0/mingw64/bin/mingw32-make.exe cmTC_b60e8/fast && D:/Program Files/mingw-w64/x86_64-8.1.0-win32-seh-rt_v6-rev0/mingw64/bin/mingw32-make.exe -f CMakeFiles\cmTC_b60e8.dir\build.make CMakeFiles/cmTC_b60e8.dir/build
mingw32-make.exe[1]: Entering directory 'E:/UB Segon/2n Sem/Programaci¾ Arquitectures Enquestades/ProjectePae/cmake-build-debug/CMakeFiles/CMakeTmp'
Building C object CMakeFiles/cmTC_b60e8.dir/testCCompiler.c.obj
"D:\Program Files\mingw-w64\x86_64-8.1.0-win32-seh-rt_v6-rev0\mingw64\bin\gcc.exe"    -o CMakeFiles\cmTC_b60e8.dir\testCCompiler.c.obj   -c "E:\UB Segon\2n Sem\Programaci├│ Arquitectures Enquestades\ProjectePae\cmake-build-debug\CMakeFiles\CMakeTmp\testCCompiler.c"
gcc.exe: error: E:\UB Segon\2n Sem\Programaci├│ Arquitectures Enquestades\ProjectePae\cmake-build-debug\CMakeFiles\CMakeTmp\testCCompiler.c: No such file or directory
gcc.exe: fatal error: no input files
compilation terminated.
mingw32-make.exe[1]: *** [CMakeFiles\cmTC_b60e8.dir\build.make:65: CMakeFiles/cmTC_b60e8.dir/testCCompiler.c.obj] Error 1
mingw32-make.exe[1]: Leaving directory 'E:/UB Segon/2n Sem/Programaci¾ Arquitectures Enquestades/ProjectePae/cmake-build-debug/CMakeFiles/CMakeTmp'
mingw32-make.exe: *** [Makefile:120: cmTC_b60e8/fast] Error 2



Determining if the C compiler works failed with the following output:
Change Dir: E:/UB Segon/2n Sem/Programació Arquitectures Enquestades/ProjectePae/cmake-build-debug/CMakeFiles/CMakeTmp

Run Build Command(s):D:/Program Files/mingw-w64/x86_64-8.1.0-win32-seh-rt_v6-rev0/mingw64/bin/mingw32-make.exe cmTC_b4038/fast && D:/Program Files/mingw-w64/x86_64-8.1.0-win32-seh-rt_v6-rev0/mingw64/bin/mingw32-make.exe -f CMakeFiles\cmTC_b4038.dir\build.make CMakeFiles/cmTC_b4038.dir/build
mingw32-make.exe[1]: Entering directory 'E:/UB Segon/2n Sem/Programaci¾ Arquitectures Enquestades/ProjectePae/cmake-build-debug/CMakeFiles/CMakeTmp'
Building C object CMakeFiles/cmTC_b4038.dir/testCCompiler.c.obj
"D:\Program Files\mingw-w64\x86_64-8.1.0-win32-seh-rt_v6-rev0\mingw64\bin\gcc.exe"    -o CMakeFiles\cmTC_b4038.dir\testCCompiler.c.obj   -c "E:\UB Segon\2n Sem\Programaci├│ Arquitectures Enquestades\ProjectePae\cmake-build-debug\CMakeFiles\CMakeTmp\testCCompiler.c"
gcc.exe: error: E:\UB Segon\2n Sem\Programaci├│ Arquitectures Enquestades\ProjectePae\cmake-build-debug\CMakeFiles\CMakeTmp\testCCompiler.c: No such file or directory
gcc.exe: fatal error: no input files
compilation terminated.
mingw32-make.exe[1]: *** [CMakeFiles\cmTC_b4038.dir\build.make:65: CMakeFiles/cmTC_b4038.dir/testCCompiler.c.obj] Error 1
mingw32-make.exe[1]: Leaving directory 'E:/UB Segon/2n Sem/Programaci¾ Arquitectures Enquestades/ProjectePae/cmake-build-debug/CMakeFiles/CMakeTmp'
mingw32-make.exe: *** [Makefile:120: cmTC_b4038/fast] Error 2



